<?xml version="1.0" encoding="UTF-8"?>
<!-- Generated by org.testng.reporters.JUnitReportReporter -->
<testsuite hostname="UMESH-BIRAJDAR" failures="0" tests="1" name="POM_DDF_TestNG.SwagLabLoginTest" time="3.616" errors="0" timestamp="2024-11-29T16:57:12 IST" skipped="0">
  <testcase classname="POM_DDF_TestNG.SwagLabLoginTest" name="verifylogo" time="3.616"/>
  <system-out/>
</testsuite> <!-- POM_DDF_TestNG.SwagLabLoginTest -->
