<?xml version="1.0" encoding="UTF-8"?>
<!-- Generated by org.testng.reporters.JUnitReportReporter -->
<testsuite hostname="UMESH-BIRAJDAR" failures="0" tests="1" name="POM_DDF_TestNG_BaseClass_UtilityClass.SwagLabTestClass" time="6.651" errors="0" timestamp="2024-11-29T17:59:50 IST" skipped="0">
  <testcase classname="POM_DDF_TestNG_BaseClass_UtilityClass.SwagLabTestClass" name="verifylogotext" time="6.651"/>
  <system-out/>
</testsuite> <!-- POM_DDF_TestNG_BaseClass_UtilityClass.SwagLabTestClass -->
